01-13 20:15:32.554 I/Xposed  (  685): -----------------
01-13 20:15:32.554 I/Xposed  (  685): Starting Xposed version 89, compiled for SDK 25
01-13 20:15:32.554 I/Xposed  (  685): Device: AOSP on msm8996 (google), Android version 7.1.2 (SDK 25)
01-13 20:15:32.554 I/Xposed  (  685): ROM: aosp_sailfish-userdebug 7.1.2 NZH54D eng.crazyc.20180910.220834 test-keys
01-13 20:15:32.554 I/Xposed  (  685): Build fingerprint: Android/aosp_sailfish/sailfish:7.1.2/NZH54D/crazyc09102208:userdebug/test-keys
01-13 20:15:32.554 I/Xposed  (  685): Platform: arm64-v8a, 64-bit binary, system server: yes
01-13 20:15:32.554 I/Xposed  (  685): SELinux enabled: yes, enforcing: yes
01-13 20:15:33.630 I/Xposed  (  685): -----------------
01-13 20:15:33.630 I/Xposed  (  685): Added Xposed (/system/framework/XposedBridge.jar) to CLASSPATH
01-13 20:15:34.630 I/Xposed  (  685): Detected ART runtime
01-13 20:15:34.638 I/Xposed  (  685): Found Xposed class 'de/robv/android/xposed/XposedBridge', now initializing
01-13 20:15:34.927 I/Xposed  (  685): Loading modules from /data/app/com.sec.gtoad.xposed_native_hook-2/base.apk
01-13 20:15:34.952 I/Xposed  (  685):   Loading class com.sec.gtoad.xposed_native_hook.Hook_Master
01-13 20:15:42.795 I/Xposed  (  686): -----------------
01-13 20:15:42.795 I/Xposed  (  686): Starting Xposed version 89, compiled for SDK 25
01-13 20:15:42.796 I/Xposed  (  686): Device: AOSP on msm8996 (google), Android version 7.1.2 (SDK 25)
01-13 20:15:42.796 I/Xposed  (  686): ROM: aosp_sailfish-userdebug 7.1.2 NZH54D eng.crazyc.20180910.220834 test-keys
01-13 20:15:42.796 I/Xposed  (  686): Build fingerprint: Android/aosp_sailfish/sailfish:7.1.2/NZH54D/crazyc09102208:userdebug/test-keys
01-13 20:15:42.796 I/Xposed  (  686): Platform: arm64-v8a, 32-bit binary, system server: no
01-13 20:15:42.796 I/Xposed  (  686): SELinux enabled: yes, enforcing: yes
01-13 20:15:42.807 I/Xposed  (  686): Added Xposed (/system/framework/XposedBridge.jar) to CLASSPATH
01-13 20:15:43.632 I/Xposed  (  686): Detected ART runtime
01-13 20:15:43.640 I/Xposed  (  686): Found Xposed class 'de/robv/android/xposed/XposedBridge', now initializing
01-13 20:15:43.998 I/Xposed  (  686): Loading modules from /data/app/com.sec.gtoad.xposed_native_hook-2/base.apk
01-13 20:15:44.036 I/Xposed  (  686):   Loading class com.sec.gtoad.xposed_native_hook.Hook_Master
01-13 20:15:53.020 E/Xposed  ( 1538): java.lang.UnsatisfiedLinkError: Unable to create namespace for the classloader dalvik.system.PathClassLoader[DexPathList[[zip file "/system/framework/javax.obex.jar", zip file "/system/app/Bluetooth/Bluetooth.apk"],nativeLibraryDirectories=[/system/app/Bluetooth/lib/arm, /system/app/Bluetooth/Bluetooth.apk!/lib/armeabi-v7a, /system/lib, /vendor/lib, /system/lib, /vendor/lib]]]: android_init_namespaces failed: error initializing public namespace: a library with soname "libInlineHook.so" was not found in the default namespace
01-13 20:15:53.020 E/Xposed  ( 1538): 	at com.android.internal.os.PathClassLoaderFactory.createClassLoader(PathClassLoaderFactory.java:54)
01-13 20:15:53.020 E/Xposed  ( 1538): 	at android.app.ApplicationLoaders.getClassLoader(ApplicationLoaders.java:58)
01-13 20:15:53.020 E/Xposed  ( 1538): 	at android.app.LoadedApk.createOrUpdateClassLoaderLocked(LoadedApk.java:520)
01-13 20:15:53.020 E/Xposed  ( 1538): 	at android.app.LoadedApk.getClassLoader(LoadedApk.java:553)
01-13 20:15:53.020 E/Xposed  ( 1538): 	at de.robv.android.xposed.XposedInit$2.beforeHookedMethod(XposedInit.java:131)
01-13 20:15:53.020 E/Xposed  ( 1538): 	at de.robv.android.xposed.XposedBridge.handleHookedMethod(XposedBridge.java:340)
01-13 20:15:53.020 E/Xposed  ( 1538): 	at android.app.ActivityThread.handleBindApplication(<Xposed>)
01-13 20:15:53.020 E/Xposed  ( 1538): 	at android.app.ActivityThread.-wrap2(ActivityThread.java)
01-13 20:15:53.020 E/Xposed  ( 1538): 	at android.app.ActivityThread$H.handleMessage(ActivityThread.java:1546)
01-13 20:15:53.020 E/Xposed  ( 1538): 	at android.os.Handler.dispatchMessage(Handler.java:102)
01-13 20:15:53.020 E/Xposed  ( 1538): 	at android.os.Looper.loop(Looper.java:154)
01-13 20:15:53.020 E/Xposed  ( 1538): 	at android.app.ActivityThread.main(ActivityThread.java:6121)
01-13 20:15:53.020 E/Xposed  ( 1538): 	at java.lang.reflect.Method.invoke(Native Method)
01-13 20:15:53.020 E/Xposed  ( 1538): 	at com.android.internal.os.ZygoteInit$MethodAndArgsCaller.run(ZygoteInit.java:889)
01-13 20:15:53.020 E/Xposed  ( 1538): 	at com.android.internal.os.ZygoteInit.main(ZygoteInit.java:779)
01-13 20:15:53.020 E/Xposed  ( 1538): 	at de.robv.android.xposed.XposedBridge.main(XposedBridge.java:107)
01-13 20:15:56.271 E/Xposed  ( 2188): java.lang.UnsatisfiedLinkError: Unable to create namespace for the classloader dalvik.system.PathClassLoader[DexPathList[[zip file "/data/app/com.tencent.mm-1/base.apk"],nativeLibraryDirectories=[/data/app/com.tencent.mm-1/lib/arm, /system/fake-libs, /data/app/com.tencent.mm-1/base.apk!/lib/armeabi, /system/lib, /vendor/lib]]]: android_init_namespaces failed: error initializing public namespace: a library with soname "libInlineHook.so" was not found in the default namespace
01-13 20:15:56.271 E/Xposed  ( 2188): 	at com.android.internal.os.PathClassLoaderFactory.createClassLoader(PathClassLoaderFactory.java:54)
01-13 20:15:56.271 E/Xposed  ( 2188): 	at android.app.ApplicationLoaders.getClassLoader(ApplicationLoaders.java:58)
01-13 20:15:56.271 E/Xposed  ( 2188): 	at android.app.LoadedApk.createOrUpdateClassLoaderLocked(LoadedApk.java:520)
01-13 20:15:56.271 E/Xposed  ( 2188): 	at android.app.LoadedApk.getClassLoader(LoadedApk.java:553)
01-13 20:15:56.271 E/Xposed  ( 2188): 	at de.robv.android.xposed.XposedInit$2.beforeHookedMethod(XposedInit.java:131)
01-13 20:15:56.271 E/Xposed  ( 2188): 	at de.robv.android.xposed.XposedBridge.handleHookedMethod(XposedBridge.java:340)
01-13 20:15:56.271 E/Xposed  ( 2188): 	at android.app.ActivityThread.handleBindApplication(<Xposed>)
01-13 20:15:56.271 E/Xposed  ( 2188): 	at android.app.ActivityThread.-wrap2(ActivityThread.java)
01-13 20:15:56.271 E/Xposed  ( 2188): 	at android.app.ActivityThread$H.handleMessage(ActivityThread.java:1546)
01-13 20:15:56.271 E/Xposed  ( 2188): 	at android.os.Handler.dispatchMessage(Handler.java:102)
01-13 20:15:56.271 E/Xposed  ( 2188): 	at android.os.Looper.loop(Looper.java:154)
01-13 20:15:56.271 E/Xposed  ( 2188): 	at android.app.ActivityThread.main(ActivityThread.java:6121)
01-13 20:15:56.271 E/Xposed  ( 2188): 	at java.lang.reflect.Method.invoke(Native Method)
01-13 20:15:56.271 E/Xposed  ( 2188): 	at com.android.internal.os.ZygoteInit$MethodAndArgsCaller.run(ZygoteInit.java:889)
01-13 20:15:56.271 E/Xposed  ( 2188): 	at com.android.internal.os.ZygoteInit.main(ZygoteInit.java:779)
01-13 20:15:56.271 E/Xposed  ( 2188): 	at de.robv.android.xposed.XposedBridge.main(XposedBridge.java:107)
01-13 20:15:56.476 E/Xposed  ( 2221): java.lang.UnsatisfiedLinkError: Unable to create namespace for the classloader dalvik.system.PathClassLoader[DexPathList[[zip file "/data/app/com.tencent.mm-1/base.apk"],nativeLibraryDirectories=[/data/app/com.tencent.mm-1/lib/arm, /system/fake-libs, /data/app/com.tencent.mm-1/base.apk!/lib/armeabi, /system/lib, /vendor/lib]]]: android_init_namespaces failed: error initializing public namespace: a library with soname "libInlineHook.so" was not found in the default namespace
01-13 20:15:56.476 E/Xposed  ( 2221): 	at com.android.internal.os.PathClassLoaderFactory.createClassLoader(PathClassLoaderFactory.java:54)
01-13 20:15:56.476 E/Xposed  ( 2221): 	at android.app.ApplicationLoaders.getClassLoader(ApplicationLoaders.java:58)
01-13 20:15:56.476 E/Xposed  ( 2221): 	at android.app.LoadedApk.createOrUpdateClassLoaderLocked(LoadedApk.java:520)
01-13 20:15:56.476 E/Xposed  ( 2221): 	at android.app.LoadedApk.getClassLoader(LoadedApk.java:553)
01-13 20:15:56.476 E/Xposed  ( 2221): 	at de.robv.android.xposed.XposedInit$2.beforeHookedMethod(XposedInit.java:131)
01-13 20:15:56.476 E/Xposed  ( 2221): 	at de.robv.android.xposed.XposedBridge.handleHookedMethod(XposedBridge.java:340)
01-13 20:15:56.476 E/Xposed  ( 2221): 	at android.app.ActivityThread.handleBindApplication(<Xposed>)
01-13 20:15:56.476 E/Xposed  ( 2221): 	at android.app.ActivityThread.-wrap2(ActivityThread.java)
01-13 20:15:56.476 E/Xposed  ( 2221): 	at android.app.ActivityThread$H.handleMessage(ActivityThread.java:1546)
01-13 20:15:56.476 E/Xposed  ( 2221): 	at android.os.Handler.dispatchMessage(Handler.java:102)
01-13 20:15:56.476 E/Xposed  ( 2221): 	at android.os.Looper.loop(Looper.java:154)
01-13 20:15:56.476 E/Xposed  ( 2221): 	at android.app.ActivityThread.main(ActivityThread.java:6121)
01-13 20:15:56.476 E/Xposed  ( 2221): 	at java.lang.reflect.Method.invoke(Native Method)
01-13 20:15:56.476 E/Xposed  ( 2221): 	at com.android.internal.os.ZygoteInit$MethodAndArgsCaller.run(ZygoteInit.java:889)
01-13 20:15:56.476 E/Xposed  ( 2221): 	at com.android.internal.os.ZygoteInit.main(ZygoteInit.java:779)
01-13 20:15:56.476 E/Xposed  ( 2221): 	at de.robv.android.xposed.XposedBridge.main(XposedBridge.java:107)
01-13 20:15:56.786 E/Xposed  ( 2240): java.lang.UnsatisfiedLinkError: Unable to create namespace for the classloader dalvik.system.PathClassLoader[DexPathList[[zip file "/data/app/com.tencent.mobileqq-1/base.apk"],nativeLibraryDirectories=[/data/app/com.tencent.mobileqq-1/lib/arm, /system/fake-libs, /data/app/com.tencent.mobileqq-1/base.apk!/lib/armeabi, /system/lib, /vendor/lib]]]: android_init_namespaces failed: error initializing public namespace: a library with soname "libInlineHook.so" was not found in the default namespace
01-13 20:15:56.786 E/Xposed  ( 2240): 	at com.android.internal.os.PathClassLoaderFactory.createClassLoader(PathClassLoaderFactory.java:54)
01-13 20:15:56.786 E/Xposed  ( 2240): 	at android.app.ApplicationLoaders.getClassLoader(ApplicationLoaders.java:58)
01-13 20:15:56.786 E/Xposed  ( 2240): 	at android.app.LoadedApk.createOrUpdateClassLoaderLocked(LoadedApk.java:520)
01-13 20:15:56.786 E/Xposed  ( 2240): 	at android.app.LoadedApk.getClassLoader(LoadedApk.java:553)
01-13 20:15:56.786 E/Xposed  ( 2240): 	at de.robv.android.xposed.XposedInit$2.beforeHookedMethod(XposedInit.java:131)
01-13 20:15:56.786 E/Xposed  ( 2240): 	at de.robv.android.xposed.XposedBridge.handleHookedMethod(XposedBridge.java:340)
01-13 20:15:56.786 E/Xposed  ( 2240): 	at android.app.ActivityThread.handleBindApplication(<Xposed>)
01-13 20:15:56.786 E/Xposed  ( 2240): 	at android.app.ActivityThread.-wrap2(ActivityThread.java)
01-13 20:15:56.786 E/Xposed  ( 2240): 	at android.app.ActivityThread$H.handleMessage(ActivityThread.java:1546)
01-13 20:15:56.786 E/Xposed  ( 2240): 	at android.os.Handler.dispatchMessage(Handler.java:102)
01-13 20:15:56.786 E/Xposed  ( 2240): 	at android.os.Looper.loop(Looper.java:154)
01-13 20:15:56.786 E/Xposed  ( 2240): 	at android.app.ActivityThread.main(ActivityThread.java:6121)
01-13 20:15:56.786 E/Xposed  ( 2240): 	at java.lang.reflect.Method.invoke(Native Method)
01-13 20:15:56.786 E/Xposed  ( 2240): 	at com.android.internal.os.ZygoteInit$MethodAndArgsCaller.run(ZygoteInit.java:889)
01-13 20:15:56.786 E/Xposed  ( 2240): 	at com.android.internal.os.ZygoteInit.main(ZygoteInit.java:779)
01-13 20:15:56.786 E/Xposed  ( 2240): 	at de.robv.android.xposed.XposedBridge.main(XposedBridge.java:107)
01-13 20:15:57.110 E/Xposed  ( 2271): java.lang.UnsatisfiedLinkError: Unable to create namespace for the classloader dalvik.system.PathClassLoader[DexPathList[[zip file "/data/app/com.iflytek.inputmethod-1/base.apk"],nativeLibraryDirectories=[/data/app/com.iflytek.inputmethod-1/lib/arm, /data/app/com.iflytek.inputmethod-1/base.apk!/lib/armeabi, /system/lib, /vendor/lib]]]: android_init_namespaces failed: error initializing public namespace: a library with soname "libInlineHook.so" was not found in the default namespace
01-13 20:15:57.110 E/Xposed  ( 2271): 	at com.android.internal.os.PathClassLoaderFactory.createClassLoader(PathClassLoaderFactory.java:54)
01-13 20:15:57.110 E/Xposed  ( 2271): 	at android.app.ApplicationLoaders.getClassLoader(ApplicationLoaders.java:58)
01-13 20:15:57.110 E/Xposed  ( 2271): 	at android.app.LoadedApk.createOrUpdateClassLoaderLocked(LoadedApk.java:520)
01-13 20:15:57.110 E/Xposed  ( 2271): 	at android.app.LoadedApk.getClassLoader(LoadedApk.java:553)
01-13 20:15:57.110 E/Xposed  ( 2271): 	at de.robv.android.xposed.XposedInit$2.beforeHookedMethod(XposedInit.java:131)
01-13 20:15:57.110 E/Xposed  ( 2271): 	at de.robv.android.xposed.XposedBridge.handleHookedMethod(XposedBridge.java:340)
01-13 20:15:57.110 E/Xposed  ( 2271): 	at android.app.ActivityThread.handleBindApplication(<Xposed>)
01-13 20:15:57.110 E/Xposed  ( 2271): 	at android.app.ActivityThread.-wrap2(ActivityThread.java)
01-13 20:15:57.110 E/Xposed  ( 2271): 	at android.app.ActivityThread$H.handleMessage(ActivityThread.java:1546)
01-13 20:15:57.110 E/Xposed  ( 2271): 	at android.os.Handler.dispatchMessage(Handler.java:102)
01-13 20:15:57.110 E/Xposed  ( 2271): 	at android.os.Looper.loop(Looper.java:154)
01-13 20:15:57.110 E/Xposed  ( 2271): 	at android.app.ActivityThread.main(ActivityThread.java:6121)
01-13 20:15:57.110 E/Xposed  ( 2271): 	at java.lang.reflect.Method.invoke(Native Method)
01-13 20:15:57.110 E/Xposed  ( 2271): 	at com.android.internal.os.ZygoteInit$MethodAndArgsCaller.run(ZygoteInit.java:889)
01-13 20:15:57.110 E/Xposed  ( 2271): 	at com.android.internal.os.ZygoteInit.main(ZygoteInit.java:779)
01-13 20:15:57.110 E/Xposed  ( 2271): 	at de.robv.android.xposed.XposedBridge.main(XposedBridge.java:107)
01-13 20:15:57.588 E/Xposed  ( 2308): java.lang.UnsatisfiedLinkError: Unable to create namespace for the classloader dalvik.system.PathClassLoader[DexPathList[[zip file "/data/app/com.ximalaya.ting.android-1/base.apk"],nativeLibraryDirectories=[/data/app/com.ximalaya.ting.android-1/lib/arm, /system/fake-libs, /data/app/com.ximalaya.ting.android-1/base.apk!/lib/armeabi, /system/lib, /vendor/lib]]]: android_init_namespaces failed: error initializing public namespace: a library with soname "libInlineHook.so" was not found in the default namespace
01-13 20:15:57.588 E/Xposed  ( 2308): 	at com.android.internal.os.PathClassLoaderFactory.createClassLoader(PathClassLoaderFactory.java:54)
01-13 20:15:57.588 E/Xposed  ( 2308): 	at android.app.ApplicationLoaders.getClassLoader(ApplicationLoaders.java:58)
01-13 20:15:57.588 E/Xposed  ( 2308): 	at android.app.LoadedApk.createOrUpdateClassLoaderLocked(LoadedApk.java:520)
01-13 20:15:57.588 E/Xposed  ( 2308): 	at android.app.LoadedApk.getClassLoader(LoadedApk.java:553)
01-13 20:15:57.588 E/Xposed  ( 2308): 	at de.robv.android.xposed.XposedInit$2.beforeHookedMethod(XposedInit.java:131)
01-13 20:15:57.588 E/Xposed  ( 2308): 	at de.robv.android.xposed.XposedBridge.handleHookedMethod(XposedBridge.java:340)
01-13 20:15:57.588 E/Xposed  ( 2308): 	at android.app.ActivityThread.handleBindApplication(<Xposed>)
01-13 20:15:57.588 E/Xposed  ( 2308): 	at android.app.ActivityThread.-wrap2(ActivityThread.java)
01-13 20:15:57.588 E/Xposed  ( 2308): 	at android.app.ActivityThread$H.handleMessage(ActivityThread.java:1546)
01-13 20:15:57.588 E/Xposed  ( 2308): 	at android.os.Handler.dispatchMessage(Handler.java:102)
01-13 20:15:57.588 E/Xposed  ( 2308): 	at android.os.Looper.loop(Looper.java:154)
01-13 20:15:57.588 E/Xposed  ( 2308): 	at android.app.ActivityThread.main(ActivityThread.java:6121)
01-13 20:15:57.588 E/Xposed  ( 2308): 	at java.lang.reflect.Method.invoke(Native Method)
01-13 20:15:57.588 E/Xposed  ( 2308): 	at com.android.internal.os.ZygoteInit$MethodAndArgsCaller.run(ZygoteInit.java:889)
01-13 20:15:57.588 E/Xposed  ( 2308): 	at com.android.internal.os.ZygoteInit.main(ZygoteInit.java:779)
01-13 20:15:57.588 E/Xposed  ( 2308): 	at de.robv.android.xposed.XposedBridge.main(XposedBridge.java:107)
09-20 09:21:17.244 E/Xposed  ( 2407): java.lang.UnsatisfiedLinkError: Unable to create namespace for the classloader dalvik.system.PathClassLoader[DexPathList[[zip file "/data/app/com.ximalaya.ting.android-1/base.apk"],nativeLibraryDirectories=[/data/app/com.ximalaya.ting.android-1/lib/arm, /system/fake-libs, /data/app/com.ximalaya.ting.android-1/base.apk!/lib/armeabi, /system/lib, /vendor/lib]]]: android_init_namespaces failed: error initializing public namespace: a library with soname "libInlineHook.so" was not found in the default namespace
09-20 09:21:17.244 E/Xposed  ( 2407): 	at com.android.internal.os.PathClassLoaderFactory.createClassLoader(PathClassLoaderFactory.java:54)
09-20 09:21:17.244 E/Xposed  ( 2407): 	at android.app.ApplicationLoaders.getClassLoader(ApplicationLoaders.java:58)
09-20 09:21:17.244 E/Xposed  ( 2407): 	at android.app.LoadedApk.createOrUpdateClassLoaderLocked(LoadedApk.java:520)
09-20 09:21:17.244 E/Xposed  ( 2407): 	at android.app.LoadedApk.getClassLoader(LoadedApk.java:553)
09-20 09:21:17.244 E/Xposed  ( 2407): 	at de.robv.android.xposed.XposedInit$2.beforeHookedMethod(XposedInit.java:131)
09-20 09:21:17.244 E/Xposed  ( 2407): 	at de.robv.android.xposed.XposedBridge.handleHookedMethod(XposedBridge.java:340)
09-20 09:21:17.244 E/Xposed  ( 2407): 	at android.app.ActivityThread.handleBindApplication(<Xposed>)
09-20 09:21:17.244 E/Xposed  ( 2407): 	at android.app.ActivityThread.-wrap2(ActivityThread.java)
09-20 09:21:17.244 E/Xposed  ( 2407): 	at android.app.ActivityThread$H.handleMessage(ActivityThread.java:1546)
09-20 09:21:17.244 E/Xposed  ( 2407): 	at android.os.Handler.dispatchMessage(Handler.java:102)
09-20 09:21:17.244 E/Xposed  ( 2407): 	at android.os.Looper.loop(Looper.java:154)
09-20 09:21:17.244 E/Xposed  ( 2407): 	at android.app.ActivityThread.main(ActivityThread.java:6121)
09-20 09:21:17.244 E/Xposed  ( 2407): 	at java.lang.reflect.Method.invoke(Native Method)
09-20 09:21:17.244 E/Xposed  ( 2407): 	at com.android.internal.os.ZygoteInit$MethodAndArgsCaller.run(ZygoteInit.java:889)
09-20 09:21:17.244 E/Xposed  ( 2407): 	at com.android.internal.os.ZygoteInit.main(ZygoteInit.java:779)
09-20 09:21:17.244 E/Xposed  ( 2407): 	at de.robv.android.xposed.XposedBridge.main(XposedBridge.java:107)
09-20 09:21:17.817 E/Xposed  ( 2515): java.lang.UnsatisfiedLinkError: Unable to create namespace for the classloader dalvik.system.PathClassLoader[DexPathList[[zip file "/data/app/com.iflytek.inputmethod-1/base.apk"],nativeLibraryDirectories=[/data/app/com.iflytek.inputmethod-1/lib/arm, /data/app/com.iflytek.inputmethod-1/base.apk!/lib/armeabi, /system/lib, /vendor/lib]]]: android_init_namespaces failed: error initializing public namespace: a library with soname "libInlineHook.so" was not found in the default namespace
09-20 09:21:17.817 E/Xposed  ( 2515): 	at com.android.internal.os.PathClassLoaderFactory.createClassLoader(PathClassLoaderFactory.java:54)
09-20 09:21:17.817 E/Xposed  ( 2515): 	at android.app.ApplicationLoaders.getClassLoader(ApplicationLoaders.java:58)
09-20 09:21:17.817 E/Xposed  ( 2515): 	at android.app.LoadedApk.createOrUpdateClassLoaderLocked(LoadedApk.java:520)
09-20 09:21:17.817 E/Xposed  ( 2515): 	at android.app.LoadedApk.getClassLoader(LoadedApk.java:553)
09-20 09:21:17.817 E/Xposed  ( 2515): 	at de.robv.android.xposed.XposedInit$2.beforeHookedMethod(XposedInit.java:131)
09-20 09:21:17.817 E/Xposed  ( 2515): 	at de.robv.android.xposed.XposedBridge.handleHookedMethod(XposedBridge.java:340)
09-20 09:21:17.817 E/Xposed  ( 2515): 	at android.app.ActivityThread.handleBindApplication(<Xposed>)
09-20 09:21:17.817 E/Xposed  ( 2515): 	at android.app.ActivityThread.-wrap2(ActivityThread.java)
09-20 09:21:17.817 E/Xposed  ( 2515): 	at android.app.ActivityThread$H.handleMessage(ActivityThread.java:1546)
09-20 09:21:17.817 E/Xposed  ( 2515): 	at android.os.Handler.dispatchMessage(Handler.java:102)
09-20 09:21:17.817 E/Xposed  ( 2515): 	at android.os.Looper.loop(Looper.java:154)
09-20 09:21:17.817 E/Xposed  ( 2515): 	at android.app.ActivityThread.main(ActivityThread.java:6121)
09-20 09:21:17.817 E/Xposed  ( 2515): 	at java.lang.reflect.Method.invoke(Native Method)
09-20 09:21:17.817 E/Xposed  ( 2515): 	at com.android.internal.os.ZygoteInit$MethodAndArgsCaller.run(ZygoteInit.java:889)
09-20 09:21:17.817 E/Xposed  ( 2515): 	at com.android.internal.os.ZygoteInit.main(ZygoteInit.java:779)
09-20 09:21:17.817 E/Xposed  ( 2515): 	at de.robv.android.xposed.XposedBridge.main(XposedBridge.java:107)
09-20 09:21:19.173 E/Xposed  ( 2738): java.lang.UnsatisfiedLinkError: Unable to create namespace for the classloader dalvik.system.PathClassLoader[DexPathList[[zip file "/data/app/com.iflytek.inputmethod-1/base.apk"],nativeLibraryDirectories=[/data/app/com.iflytek.inputmethod-1/lib/arm, /data/app/com.iflytek.inputmethod-1/base.apk!/lib/armeabi, /system/lib, /vendor/lib]]]: android_init_namespaces failed: error initializing public namespace: a library with soname "libInlineHook.so" was not found in the default namespace
09-20 09:21:19.173 E/Xposed  ( 2738): 	at com.android.internal.os.PathClassLoaderFactory.createClassLoader(PathClassLoaderFactory.java:54)
09-20 09:21:19.173 E/Xposed  ( 2738): 	at android.app.ApplicationLoaders.getClassLoader(ApplicationLoaders.java:58)
09-20 09:21:19.173 E/Xposed  ( 2738): 	at android.app.LoadedApk.createOrUpdateClassLoaderLocked(LoadedApk.java:520)
09-20 09:21:19.173 E/Xposed  ( 2738): 	at android.app.LoadedApk.getClassLoader(LoadedApk.java:553)
09-20 09:21:19.173 E/Xposed  ( 2738): 	at de.robv.android.xposed.XposedInit$2.beforeHookedMethod(XposedInit.java:131)
09-20 09:21:19.173 E/Xposed  ( 2738): 	at de.robv.android.xposed.XposedBridge.handleHookedMethod(XposedBridge.java:340)
09-20 09:21:19.173 E/Xposed  ( 2738): 	at android.app.ActivityThread.handleBindApplication(<Xposed>)
09-20 09:21:19.173 E/Xposed  ( 2738): 	at android.app.ActivityThread.-wrap2(ActivityThread.java)
09-20 09:21:19.173 E/Xposed  ( 2738): 	at android.app.ActivityThread$H.handleMessage(ActivityThread.java:1546)
09-20 09:21:19.173 E/Xposed  ( 2738): 	at android.os.Handler.dispatchMessage(Handler.java:102)
09-20 09:21:19.173 E/Xposed  ( 2738): 	at android.os.Looper.loop(Looper.java:154)
09-20 09:21:19.173 E/Xposed  ( 2738): 	at android.app.ActivityThread.main(ActivityThread.java:6121)
09-20 09:21:19.173 E/Xposed  ( 2738): 	at java.lang.reflect.Method.invoke(Native Method)
09-20 09:21:19.173 E/Xposed  ( 2738): 	at com.android.internal.os.ZygoteInit$MethodAndArgsCaller.run(ZygoteInit.java:889)
09-20 09:21:19.173 E/Xposed  ( 2738): 	at com.android.internal.os.ZygoteInit.main(ZygoteInit.java:779)
09-20 09:21:19.173 E/Xposed  ( 2738): 	at de.robv.android.xposed.XposedBridge.main(XposedBridge.java:107)
09-20 09:21:19.493 E/Xposed  ( 2768): java.lang.UnsatisfiedLinkError: Unable to create namespace for the classloader dalvik.system.PathClassLoader[DexPathList[[zip file "/system/framework/android.test.runner.jar", zip file "/data/app/com.jingdong.app.mall-1/base.apk"],nativeLibraryDirectories=[/data/app/com.jingdong.app.mall-1/lib/arm, /data/app/com.jingdong.app.mall-1/base.apk!/lib/armeabi, /system/lib, /vendor/lib]]]: android_init_namespaces failed: error initializing public namespace: a library with soname "libInlineHook.so" was not found in the default namespace
09-20 09:21:19.493 E/Xposed  ( 2768): 	at com.android.internal.os.PathClassLoaderFactory.createClassLoader(PathClassLoaderFactory.java:54)
09-20 09:21:19.493 E/Xposed  ( 2768): 	at android.app.ApplicationLoaders.getClassLoader(ApplicationLoaders.java:58)
09-20 09:21:19.493 E/Xposed  ( 2768): 	at android.app.LoadedApk.createOrUpdateClassLoaderLocked(LoadedApk.java:520)
09-20 09:21:19.493 E/Xposed  ( 2768): 	at android.app.LoadedApk.getClassLoader(LoadedApk.java:553)
09-20 09:21:19.493 E/Xposed  ( 2768): 	at de.robv.android.xposed.XposedInit$2.beforeHookedMethod(XposedInit.java:131)
09-20 09:21:19.493 E/Xposed  ( 2768): 	at de.robv.android.xposed.XposedBridge.handleHookedMethod(XposedBridge.java:340)
09-20 09:21:19.493 E/Xposed  ( 2768): 	at android.app.ActivityThread.handleBindApplication(<Xposed>)
09-20 09:21:19.493 E/Xposed  ( 2768): 	at android.app.ActivityThread.-wrap2(ActivityThread.java)
09-20 09:21:19.493 E/Xposed  ( 2768): 	at android.app.ActivityThread$H.handleMessage(ActivityThread.java:1546)
09-20 09:21:19.493 E/Xposed  ( 2768): 	at android.os.Handler.dispatchMessage(Handler.java:102)
09-20 09:21:19.493 E/Xposed  ( 2768): 	at android.os.Looper.loop(Looper.java:154)
09-20 09:21:19.493 E/Xposed  ( 2768): 	at android.app.ActivityThread.main(ActivityThread.java:6121)
09-20 09:21:19.493 E/Xposed  ( 2768): 	at java.lang.reflect.Method.invoke(Native Method)
09-20 09:21:19.493 E/Xposed  ( 2768): 	at com.android.internal.os.ZygoteInit$MethodAndArgsCaller.run(ZygoteInit.java:889)
09-20 09:21:19.493 E/Xposed  ( 2768): 	at com.android.internal.os.ZygoteInit.main(ZygoteInit.java:779)
09-20 09:21:19.493 E/Xposed  ( 2768): 	at de.robv.android.xposed.XposedBridge.main(XposedBridge.java:107)
09-20 09:21:19.859 E/Xposed  ( 2783): java.lang.UnsatisfiedLinkError: Unable to create namespace for the classloader dalvik.system.PathClassLoader[DexPathList[[zip file "/data/app/com.taobao.taobao-1/base.apk"],nativeLibraryDirectories=[/data/app/com.taobao.taobao-1/lib/arm, /data/app/com.taobao.taobao-1/base.apk!/lib/armeabi, /system/lib, /vendor/lib]]]: android_init_namespaces failed: error initializing public namespace: a library with soname "libInlineHook.so" was not found in the default namespace
09-20 09:21:19.859 E/Xposed  ( 2783): 	at com.android.internal.os.PathClassLoaderFactory.createClassLoader(PathClassLoaderFactory.java:54)
09-20 09:21:19.859 E/Xposed  ( 2783): 	at android.app.ApplicationLoaders.getClassLoader(ApplicationLoaders.java:58)
09-20 09:21:19.859 E/Xposed  ( 2783): 	at android.app.LoadedApk.createOrUpdateClassLoaderLocked(LoadedApk.java:520)
09-20 09:21:19.859 E/Xposed  ( 2783): 	at android.app.LoadedApk.getClassLoader(LoadedApk.java:553)
09-20 09:21:19.859 E/Xposed  ( 2783): 	at de.robv.android.xposed.XposedInit$2.beforeHookedMethod(XposedInit.java:131)
09-20 09:21:19.859 E/Xposed  ( 2783): 	at de.robv.android.xposed.XposedBridge.handleHookedMethod(XposedBridge.java:340)
09-20 09:21:19.859 E/Xposed  ( 2783): 	at android.app.ActivityThread.handleBindApplication(<Xposed>)
09-20 09:21:19.859 E/Xposed  ( 2783): 	at android.app.ActivityThread.-wrap2(ActivityThread.java)
09-20 09:21:19.859 E/Xposed  ( 2783): 	at android.app.ActivityThread$H.handleMessage(ActivityThread.java:1546)
09-20 09:21:19.859 E/Xposed  ( 2783): 	at android.os.Handler.dispatchMessage(Handler.java:102)
09-20 09:21:19.859 E/Xposed  ( 2783): 	at android.os.Looper.loop(Looper.java:154)
09-20 09:21:19.859 E/Xposed  ( 2783): 	at android.app.ActivityThread.main(ActivityThread.java:6121)
09-20 09:21:19.859 E/Xposed  ( 2783): 	at java.lang.reflect.Method.invoke(Native Method)
09-20 09:21:19.859 E/Xposed  ( 2783): 	at com.android.internal.os.ZygoteInit$MethodAndArgsCaller.run(ZygoteInit.java:889)
09-20 09:21:19.859 E/Xposed  ( 2783): 	at com.android.internal.os.ZygoteInit.main(ZygoteInit.java:779)
09-20 09:21:19.859 E/Xposed  ( 2783): 	at de.robv.android.xposed.XposedBridge.main(XposedBridge.java:107)
09-20 09:21:20.109 E/Xposed  ( 2798): java.lang.UnsatisfiedLinkError: Unable to create namespace for the classloader dalvik.system.PathClassLoader[DexPathList[[zip file "/data/app/com.taobao.taobao-1/base.apk"],nativeLibraryDirectories=[/data/app/com.taobao.taobao-1/lib/arm, /data/app/com.taobao.taobao-1/base.apk!/lib/armeabi, /system/lib, /vendor/lib]]]: android_init_namespaces failed: error initializing public namespace: a library with soname "libInlineHook.so" was not found in the default namespace
09-20 09:21:20.109 E/Xposed  ( 2798): 	at com.android.internal.os.PathClassLoaderFactory.createClassLoader(PathClassLoaderFactory.java:54)
09-20 09:21:20.109 E/Xposed  ( 2798): 	at android.app.ApplicationLoaders.getClassLoader(ApplicationLoaders.java:58)
09-20 09:21:20.109 E/Xposed  ( 2798): 	at android.app.LoadedApk.createOrUpdateClassLoaderLocked(LoadedApk.java:520)
09-20 09:21:20.109 E/Xposed  ( 2798): 	at android.app.LoadedApk.getClassLoader(LoadedApk.java:553)
09-20 09:21:20.109 E/Xposed  ( 2798): 	at de.robv.android.xposed.XposedInit$2.beforeHookedMethod(XposedInit.java:131)
09-20 09:21:20.109 E/Xposed  ( 2798): 	at de.robv.android.xposed.XposedBridge.handleHookedMethod(XposedBridge.java:340)
09-20 09:21:20.109 E/Xposed  ( 2798): 	at android.app.ActivityThread.handleBindApplication(<Xposed>)
09-20 09:21:20.109 E/Xposed  ( 2798): 	at android.app.ActivityThread.-wrap2(ActivityThread.java)
09-20 09:21:20.109 E/Xposed  ( 2798): 	at android.app.ActivityThread$H.handleMessage(ActivityThread.java:1546)
09-20 09:21:20.109 E/Xposed  ( 2798): 	at android.os.Handler.dispatchMessage(Handler.java:102)
09-20 09:21:20.109 E/Xposed  ( 2798): 	at android.os.Looper.loop(Looper.java:154)
09-20 09:21:20.109 E/Xposed  ( 2798): 	at android.app.ActivityThread.main(ActivityThread.java:6121)
09-20 09:21:20.109 E/Xposed  ( 2798): 	at java.lang.reflect.Method.invoke(Native Method)
09-20 09:21:20.109 E/Xposed  ( 2798): 	at com.android.internal.os.ZygoteInit$MethodAndArgsCaller.run(ZygoteInit.java:889)
09-20 09:21:20.109 E/Xposed  ( 2798): 	at com.android.internal.os.ZygoteInit.main(ZygoteInit.java:779)
09-20 09:21:20.109 E/Xposed  ( 2798): 	at de.robv.android.xposed.XposedBridge.main(XposedBridge.java:107)
09-20 09:21:20.397 E/Xposed  ( 2812): java.lang.UnsatisfiedLinkError: Unable to create namespace for the classloader dalvik.system.PathClassLoader[DexPathList[[zip file "/data/app/com.thestore.main-1/base.apk"],nativeLibraryDirectories=[/data/app/com.thestore.main-1/lib/arm, /system/fake-libs, /data/app/com.thestore.main-1/base.apk!/lib/armeabi, /system/lib, /vendor/lib]]]: android_init_namespaces failed: error initializing public namespace: a library with soname "libInlineHook.so" was not found in the default namespace
09-20 09:21:20.397 E/Xposed  ( 2812): 	at com.android.internal.os.PathClassLoaderFactory.createClassLoader(PathClassLoaderFactory.java:54)
09-20 09:21:20.397 E/Xposed  ( 2812): 	at android.app.ApplicationLoaders.getClassLoader(ApplicationLoaders.java:58)
09-20 09:21:20.397 E/Xposed  ( 2812): 	at android.app.LoadedApk.createOrUpdateClassLoaderLocked(LoadedApk.java:520)
09-20 09:21:20.397 E/Xposed  ( 2812): 	at android.app.LoadedApk.getClassLoader(LoadedApk.java:553)
09-20 09:21:20.397 E/Xposed  ( 2812): 	at de.robv.android.xposed.XposedInit$2.beforeHookedMethod(XposedInit.java:131)
09-20 09:21:20.397 E/Xposed  ( 2812): 	at de.robv.android.xposed.XposedBridge.handleHookedMethod(XposedBridge.java:340)
09-20 09:21:20.397 E/Xposed  ( 2812): 	at android.app.ActivityThread.handleBindApplication(<Xposed>)
09-20 09:21:20.397 E/Xposed  ( 2812): 	at android.app.ActivityThread.-wrap2(ActivityThread.java)
09-20 09:21:20.397 E/Xposed  ( 2812): 	at android.app.ActivityThread$H.handleMessage(ActivityThread.java:1546)
09-20 09:21:20.397 E/Xposed  ( 2812): 	at android.os.Handler.dispatchMessage(Handler.java:102)
09-20 09:21:20.397 E/Xposed  ( 2812): 	at android.os.Looper.loop(Looper.java:154)
09-20 09:21:20.397 E/Xposed  ( 2812): 	at android.app.ActivityThread.main(ActivityThread.java:6121)
09-20 09:21:20.397 E/Xposed  ( 2812): 	at java.lang.reflect.Method.invoke(Native Method)
09-20 09:21:20.397 E/Xposed  ( 2812): 	at com.android.internal.os.ZygoteInit$MethodAndArgsCaller.run(ZygoteInit.java:889)
09-20 09:21:20.397 E/Xposed  ( 2812): 	at com.android.internal.os.ZygoteInit.main(ZygoteInit.java:779)
09-20 09:21:20.397 E/Xposed  ( 2812): 	at de.robv.android.xposed.XposedBridge.main(XposedBridge.java:107)
09-20 09:21:20.824 E/Xposed  ( 2827): java.lang.UnsatisfiedLinkError: Unable to create namespace for the classloader dalvik.system.PathClassLoader[DexPathList[[zip file "/data/app/com.zhihu.android-1/base.apk"],nativeLibraryDirectories=[/data/app/com.zhihu.android-1/lib/arm, /data/app/com.zhihu.android-1/base.apk!/lib/armeabi-v7a, /system/lib, /vendor/lib]]]: android_init_namespaces failed: error initializing public namespace: a library with soname "libInlineHook.so" was not found in the default namespace
09-20 09:21:20.824 E/Xposed  ( 2827): 	at com.android.internal.os.PathClassLoaderFactory.createClassLoader(PathClassLoaderFactory.java:54)
09-20 09:21:20.824 E/Xposed  ( 2827): 	at android.app.ApplicationLoaders.getClassLoader(ApplicationLoaders.java:58)
09-20 09:21:20.824 E/Xposed  ( 2827): 	at android.app.LoadedApk.createOrUpdateClassLoaderLocked(LoadedApk.java:520)
09-20 09:21:20.824 E/Xposed  ( 2827): 	at android.app.LoadedApk.getClassLoader(LoadedApk.java:553)
09-20 09:21:20.824 E/Xposed  ( 2827): 	at de.robv.android.xposed.XposedInit$2.beforeHookedMethod(XposedInit.java:131)
09-20 09:21:20.824 E/Xposed  ( 2827): 	at de.robv.android.xposed.XposedBridge.handleHookedMethod(XposedBridge.java:340)
09-20 09:21:20.824 E/Xposed  ( 2827): 	at android.app.ActivityThread.handleBindApplication(<Xposed>)
09-20 09:21:20.824 E/Xposed  ( 2827): 	at android.app.ActivityThread.-wrap2(ActivityThread.java)
09-20 09:21:20.824 E/Xposed  ( 2827): 	at android.app.ActivityThread$H.handleMessage(ActivityThread.java:1546)
09-20 09:21:20.824 E/Xposed  ( 2827): 	at android.os.Handler.dispatchMessage(Handler.java:102)
09-20 09:21:20.824 E/Xposed  ( 2827): 	at android.os.Looper.loop(Looper.java:154)
09-20 09:21:20.824 E/Xposed  ( 2827): 	at android.app.ActivityThread.main(ActivityThread.java:6121)
09-20 09:21:20.824 E/Xposed  ( 2827): 	at java.lang.reflect.Method.invoke(Native Method)
09-20 09:21:20.824 E/Xposed  ( 2827): 	at com.android.internal.os.ZygoteInit$MethodAndArgsCaller.run(ZygoteInit.java:889)
09-20 09:21:20.824 E/Xposed  ( 2827): 	at com.android.internal.os.ZygoteInit.main(ZygoteInit.java:779)
09-20 09:21:20.824 E/Xposed  ( 2827): 	at de.robv.android.xposed.XposedBridge.main(XposedBridge.java:107)
09-20 09:21:21.814 E/Xposed  ( 2867): java.lang.UnsatisfiedLinkError: Unable to create namespace for the classloader dalvik.system.PathClassLoader[DexPathList[[zip file "/data/app/com.thestore.main-1/base.apk"],nativeLibraryDirectories=[/data/app/com.thestore.main-1/lib/arm, /system/fake-libs, /data/app/com.thestore.main-1/base.apk!/lib/armeabi, /system/lib, /vendor/lib]]]: android_init_namespaces failed: error initializing public namespace: a library with soname "libInlineHook.so" was not found in the default namespace
09-20 09:21:21.814 E/Xposed  ( 2867): 	at com.android.internal.os.PathClassLoaderFactory.createClassLoader(PathClassLoaderFactory.java:54)
09-20 09:21:21.814 E/Xposed  ( 2867): 	at android.app.ApplicationLoaders.getClassLoader(ApplicationLoaders.java:58)
09-20 09:21:21.814 E/Xposed  ( 2867): 	at android.app.LoadedApk.createOrUpdateClassLoaderLocked(LoadedApk.java:520)
09-20 09:21:21.814 E/Xposed  ( 2867): 	at android.app.LoadedApk.getClassLoader(LoadedApk.java:553)
09-20 09:21:21.814 E/Xposed  ( 2867): 	at de.robv.android.xposed.XposedInit$2.beforeHookedMethod(XposedInit.java:131)
09-20 09:21:21.814 E/Xposed  ( 2867): 	at de.robv.android.xposed.XposedBridge.handleHookedMethod(XposedBridge.java:340)
09-20 09:21:21.814 E/Xposed  ( 2867): 	at android.app.ActivityThread.handleBindApplication(<Xposed>)
09-20 09:21:21.814 E/Xposed  ( 2867): 	at android.app.ActivityThread.-wrap2(ActivityThread.java)
09-20 09:21:21.814 E/Xposed  ( 2867): 	at android.app.ActivityThread$H.handleMessage(ActivityThread.java:1546)
09-20 09:21:21.814 E/Xposed  ( 2867): 	at android.os.Handler.dispatchMessage(Handler.java:102)
09-20 09:21:21.814 E/Xposed  ( 2867): 	at android.os.Looper.loop(Looper.java:154)
09-20 09:21:21.814 E/Xposed  ( 2867): 	at android.app.ActivityThread.main(ActivityThread.java:6121)
09-20 09:21:21.814 E/Xposed  ( 2867): 	at java.lang.reflect.Method.invoke(Native Method)
09-20 09:21:21.814 E/Xposed  ( 2867): 	at com.android.internal.os.ZygoteInit$MethodAndArgsCaller.run(ZygoteInit.java:889)
09-20 09:21:21.814 E/Xposed  ( 2867): 	at com.android.internal.os.ZygoteInit.main(ZygoteInit.java:779)
09-20 09:21:21.814 E/Xposed  ( 2867): 	at de.robv.android.xposed.XposedBridge.main(XposedBridge.java:107)
09-20 09:21:22.033 E/Xposed  ( 2884): java.lang.UnsatisfiedLinkError: Unable to create namespace for the classloader dalvik.system.PathClassLoader[DexPathList[[zip file "/data/app/com.iflytek.inputmethod-1/base.apk"],nativeLibraryDirectories=[/data/app/com.iflytek.inputmethod-1/lib/arm, /data/app/com.iflytek.inputmethod-1/base.apk!/lib/armeabi, /system/lib, /vendor/lib]]]: android_init_namespaces failed: error initializing public namespace: a library with soname "libInlineHook.so" was not found in the default namespace
09-20 09:21:22.033 E/Xposed  ( 2884): 	at com.android.internal.os.PathClassLoaderFactory.createClassLoader(PathClassLoaderFactory.java:54)
09-20 09:21:22.033 E/Xposed  ( 2884): 	at android.app.ApplicationLoaders.getClassLoader(ApplicationLoaders.java:58)
09-20 09:21:22.033 E/Xposed  ( 2884): 	at android.app.LoadedApk.createOrUpdateClassLoaderLocked(LoadedApk.java:520)
09-20 09:21:22.033 E/Xposed  ( 2884): 	at android.app.LoadedApk.getClassLoader(LoadedApk.java:553)
09-20 09:21:22.033 E/Xposed  ( 2884): 	at de.robv.android.xposed.XposedInit$2.beforeHookedMethod(XposedInit.java:131)
09-20 09:21:22.033 E/Xposed  ( 2884): 	at de.robv.android.xposed.XposedBridge.handleHookedMethod(XposedBridge.java:340)
09-20 09:21:22.033 E/Xposed  ( 2884): 	at android.app.ActivityThread.handleBindApplication(<Xposed>)
09-20 09:21:22.033 E/Xposed  ( 2884): 	at android.app.ActivityThread.-wrap2(ActivityThread.java)
09-20 09:21:22.033 E/Xposed  ( 2884): 	at android.app.ActivityThread$H.handleMessage(ActivityThread.java:1546)
09-20 09:21:22.033 E/Xposed  ( 2884): 	at android.os.Handler.dispatchMessage(Handler.java:102)
09-20 09:21:22.033 E/Xposed  ( 2884): 	at android.os.Looper.loop(Looper.java:154)
09-20 09:21:22.033 E/Xposed  ( 2884): 	at android.app.ActivityThread.main(ActivityThread.java:6121)
09-20 09:21:22.033 E/Xposed  ( 2884): 	at java.lang.reflect.Method.invoke(Native Method)
09-20 09:21:22.033 E/Xposed  ( 2884): 	at com.android.internal.os.ZygoteInit$MethodAndArgsCaller.run(ZygoteInit.java:889)
09-20 09:21:22.033 E/Xposed  ( 2884): 	at com.android.internal.os.ZygoteInit.main(ZygoteInit.java:779)
09-20 09:21:22.033 E/Xposed  ( 2884): 	at de.robv.android.xposed.XposedBridge.main(XposedBridge.java:107)
09-20 09:21:22.133 E/Xposed  ( 2897): java.lang.UnsatisfiedLinkError: Unable to create namespace for the classloader dalvik.system.PathClassLoader[DexPathList[[zip file "/data/app/com.tencent.mobileqq-1/base.apk"],nativeLibraryDirectories=[/data/app/com.tencent.mobileqq-1/lib/arm, /system/fake-libs, /data/app/com.tencent.mobileqq-1/base.apk!/lib/armeabi, /system/lib, /vendor/lib]]]: android_init_namespaces failed: error initializing public namespace: a library with soname "libInlineHook.so" was not found in the default namespace
09-20 09:21:22.133 E/Xposed  ( 2897): 	at com.android.internal.os.PathClassLoaderFactory.createClassLoader(PathClassLoaderFactory.java:54)
09-20 09:21:22.133 E/Xposed  ( 2897): 	at android.app.ApplicationLoaders.getClassLoader(ApplicationLoaders.java:58)
09-20 09:21:22.133 E/Xposed  ( 2897): 	at android.app.LoadedApk.createOrUpdateClassLoaderLocked(LoadedApk.java:520)
09-20 09:21:22.133 E/Xposed  ( 2897): 	at android.app.LoadedApk.getClassLoader(LoadedApk.java:553)
09-20 09:21:22.133 E/Xposed  ( 2897): 	at de.robv.android.xposed.XposedInit$2.beforeHookedMethod(XposedInit.java:131)
09-20 09:21:22.133 E/Xposed  ( 2897): 	at de.robv.android.xposed.XposedBridge.handleHookedMethod(XposedBridge.java:340)
09-20 09:21:22.133 E/Xposed  ( 2897): 	at android.app.ActivityThread.handleBindApplication(<Xposed>)
09-20 09:21:22.133 E/Xposed  ( 2897): 	at android.app.ActivityThread.-wrap2(ActivityThread.java)
09-20 09:21:22.133 E/Xposed  ( 2897): 	at android.app.ActivityThread$H.handleMessage(ActivityThread.java:1546)
09-20 09:21:22.133 E/Xposed  ( 2897): 	at android.os.Handler.dispatchMessage(Handler.java:102)
09-20 09:21:22.133 E/Xposed  ( 2897): 	at android.os.Looper.loop(Looper.java:154)
09-20 09:21:22.133 E/Xposed  ( 2897): 	at android.app.ActivityThread.main(ActivityThread.java:6121)
09-20 09:21:22.133 E/Xposed  ( 2897): 	at java.lang.reflect.Method.invoke(Native Method)
09-20 09:21:22.133 E/Xposed  ( 2897): 	at com.android.internal.os.ZygoteInit$MethodAndArgsCaller.run(ZygoteInit.java:889)
09-20 09:21:22.133 E/Xposed  ( 2897): 	at com.android.internal.os.ZygoteInit.main(ZygoteInit.java:779)
09-20 09:21:22.133 E/Xposed  ( 2897): 	at de.robv.android.xposed.XposedBridge.main(XposedBridge.java:107)
09-20 09:21:24.293 I/Xposed  ( 2929): load package: com.example.cjh.hellojni
09-20 09:21:24.329 I/Xposed  ( 2929): before com.example.cjh.hellojni.MainActivity.onCreate
09-20 09:21:24.362 I/Xposed  ( 2929): after com.example.cjh.hellojni.MainActivity.onCreate
09-20 09:21:24.362 I/Xposed  ( 2929): trying to load so file: nativeloader for com.example.cjh.hellojni
09-20 09:21:24.363 I/Xposed  ( 2929): nativeloader loaded
09-20 09:21:24.363 I/Xposed  ( 2929): trying to load so file: InlineHook for com.example.cjh.hellojni
09-20 09:21:24.364 I/Xposed  ( 2929): InlineHook loaded
09-20 09:21:27.586 E/Xposed  ( 2958): java.lang.UnsatisfiedLinkError: Unable to create namespace for the classloader dalvik.system.PathClassLoader[DexPathList[[zip file "/data/app/com.iflytek.inputmethod-1/base.apk"],nativeLibraryDirectories=[/data/app/com.iflytek.inputmethod-1/lib/arm, /data/app/com.iflytek.inputmethod-1/base.apk!/lib/armeabi, /system/lib, /vendor/lib]]]: android_init_namespaces failed: error initializing public namespace: a library with soname "libInlineHook.so" was not found in the default namespace
09-20 09:21:27.586 E/Xposed  ( 2958): 	at com.android.internal.os.PathClassLoaderFactory.createClassLoader(PathClassLoaderFactory.java:54)
09-20 09:21:27.586 E/Xposed  ( 2958): 	at android.app.ApplicationLoaders.getClassLoader(ApplicationLoaders.java:58)
09-20 09:21:27.586 E/Xposed  ( 2958): 	at android.app.LoadedApk.createOrUpdateClassLoaderLocked(LoadedApk.java:520)
09-20 09:21:27.586 E/Xposed  ( 2958): 	at android.app.LoadedApk.getClassLoader(LoadedApk.java:553)
09-20 09:21:27.586 E/Xposed  ( 2958): 	at de.robv.android.xposed.XposedInit$2.beforeHookedMethod(XposedInit.java:131)
09-20 09:21:27.586 E/Xposed  ( 2958): 	at de.robv.android.xposed.XposedBridge.handleHookedMethod(XposedBridge.java:340)
09-20 09:21:27.586 E/Xposed  ( 2958): 	at android.app.ActivityThread.handleBindApplication(<Xposed>)
09-20 09:21:27.586 E/Xposed  ( 2958): 	at android.app.ActivityThread.-wrap2(ActivityThread.java)
09-20 09:21:27.586 E/Xposed  ( 2958): 	at android.app.ActivityThread$H.handleMessage(ActivityThread.java:1546)
09-20 09:21:27.586 E/Xposed  ( 2958): 	at android.os.Handler.dispatchMessage(Handler.java:102)
09-20 09:21:27.586 E/Xposed  ( 2958): 	at android.os.Looper.loop(Looper.java:154)
09-20 09:21:27.586 E/Xposed  ( 2958): 	at android.app.ActivityThread.main(ActivityThread.java:6121)
09-20 09:21:27.586 E/Xposed  ( 2958): 	at java.lang.reflect.Method.invoke(Native Method)
09-20 09:21:27.586 E/Xposed  ( 2958): 	at com.android.internal.os.ZygoteInit$MethodAndArgsCaller.run(ZygoteInit.java:889)
09-20 09:21:27.586 E/Xposed  ( 2958): 	at com.android.internal.os.ZygoteInit.main(ZygoteInit.java:779)
09-20 09:21:27.586 E/Xposed  ( 2958): 	at de.robv.android.xposed.XposedBridge.main(XposedBridge.java:107)
09-20 09:21:31.298 E/Xposed  ( 3001): java.lang.UnsatisfiedLinkError: Unable to create namespace for the classloader dalvik.system.PathClassLoader[DexPathList[[zip file "/data/app/com.iflytek.inputmethod-1/base.apk"],nativeLibraryDirectories=[/data/app/com.iflytek.inputmethod-1/lib/arm, /data/app/com.iflytek.inputmethod-1/base.apk!/lib/armeabi, /system/lib, /vendor/lib]]]: android_init_namespaces failed: error initializing public namespace: a library with soname "libInlineHook.so" was not found in the default namespace
09-20 09:21:31.298 E/Xposed  ( 3001): 	at com.android.internal.os.PathClassLoaderFactory.createClassLoader(PathClassLoaderFactory.java:54)
09-20 09:21:31.298 E/Xposed  ( 3001): 	at android.app.ApplicationLoaders.getClassLoader(ApplicationLoaders.java:58)
09-20 09:21:31.298 E/Xposed  ( 3001): 	at android.app.LoadedApk.createOrUpdateClassLoaderLocked(LoadedApk.java:520)
09-20 09:21:31.298 E/Xposed  ( 3001): 	at android.app.LoadedApk.getClassLoader(LoadedApk.java:553)
09-20 09:21:31.298 E/Xposed  ( 3001): 	at de.robv.android.xposed.XposedInit$2.beforeHookedMethod(XposedInit.java:131)
09-20 09:21:31.298 E/Xposed  ( 3001): 	at de.robv.android.xposed.XposedBridge.handleHookedMethod(XposedBridge.java:340)
09-20 09:21:31.298 E/Xposed  ( 3001): 	at android.app.ActivityThread.handleBindApplication(<Xposed>)
09-20 09:21:31.298 E/Xposed  ( 3001): 	at android.app.ActivityThread.-wrap2(ActivityThread.java)
09-20 09:21:31.298 E/Xposed  ( 3001): 	at android.app.ActivityThread$H.handleMessage(ActivityThread.java:1546)
09-20 09:21:31.298 E/Xposed  ( 3001): 	at android.os.Handler.dispatchMessage(Handler.java:102)
09-20 09:21:31.298 E/Xposed  ( 3001): 	at android.os.Looper.loop(Looper.java:154)
09-20 09:21:31.298 E/Xposed  ( 3001): 	at android.app.ActivityThread.main(ActivityThread.java:6121)
09-20 09:21:31.298 E/Xposed  ( 3001): 	at java.lang.reflect.Method.invoke(Native Method)
09-20 09:21:31.298 E/Xposed  ( 3001): 	at com.android.internal.os.ZygoteInit$MethodAndArgsCaller.run(ZygoteInit.java:889)
09-20 09:21:31.298 E/Xposed  ( 3001): 	at com.android.internal.os.ZygoteInit.main(ZygoteInit.java:779)
09-20 09:21:31.298 E/Xposed  ( 3001): 	at de.robv.android.xposed.XposedBridge.main(XposedBridge.java:107)
09-20 09:21:35.229 E/Xposed  ( 3022): java.lang.UnsatisfiedLinkError: Unable to create namespace for the classloader dalvik.system.PathClassLoader[DexPathList[[zip file "/data/app/com.iflytek.inputmethod-1/base.apk"],nativeLibraryDirectories=[/data/app/com.iflytek.inputmethod-1/lib/arm, /data/app/com.iflytek.inputmethod-1/base.apk!/lib/armeabi, /system/lib, /vendor/lib]]]: android_init_namespaces failed: error initializing public namespace: a library with soname "libInlineHook.so" was not found in the default namespace
09-20 09:21:35.229 E/Xposed  ( 3022): 	at com.android.internal.os.PathClassLoaderFactory.createClassLoader(PathClassLoaderFactory.java:54)
09-20 09:21:35.229 E/Xposed  ( 3022): 	at android.app.ApplicationLoaders.getClassLoader(ApplicationLoaders.java:58)
09-20 09:21:35.229 E/Xposed  ( 3022): 	at android.app.LoadedApk.createOrUpdateClassLoaderLocked(LoadedApk.java:520)
09-20 09:21:35.229 E/Xposed  ( 3022): 	at android.app.LoadedApk.getClassLoader(LoadedApk.java:553)
09-20 09:21:35.229 E/Xposed  ( 3022): 	at de.robv.android.xposed.XposedInit$2.beforeHookedMethod(XposedInit.java:131)
09-20 09:21:35.229 E/Xposed  ( 3022): 	at de.robv.android.xposed.XposedBridge.handleHookedMethod(XposedBridge.java:340)
09-20 09:21:35.229 E/Xposed  ( 3022): 	at android.app.ActivityThread.handleBindApplication(<Xposed>)
09-20 09:21:35.229 E/Xposed  ( 3022): 	at android.app.ActivityThread.-wrap2(ActivityThread.java)
09-20 09:21:35.229 E/Xposed  ( 3022): 	at android.app.ActivityThread$H.handleMessage(ActivityThread.java:1546)
09-20 09:21:35.229 E/Xposed  ( 3022): 	at android.os.Handler.dispatchMessage(Handler.java:102)
09-20 09:21:35.229 E/Xposed  ( 3022): 	at android.os.Looper.loop(Looper.java:154)
09-20 09:21:35.229 E/Xposed  ( 3022): 	at android.app.ActivityThread.main(ActivityThread.java:6121)
09-20 09:21:35.229 E/Xposed  ( 3022): 	at java.lang.reflect.Method.invoke(Native Method)
09-20 09:21:35.229 E/Xposed  ( 3022): 	at com.android.internal.os.ZygoteInit$MethodAndArgsCaller.run(ZygoteInit.java:889)
09-20 09:21:35.229 E/Xposed  ( 3022): 	at com.android.internal.os.ZygoteInit.main(ZygoteInit.java:779)
09-20 09:21:35.229 E/Xposed  ( 3022): 	at de.robv.android.xposed.XposedBridge.main(XposedBridge.java:107)
09-20 09:21:58.539 E/Xposed  ( 3068): java.lang.UnsatisfiedLinkError: Unable to create namespace for the classloader dalvik.system.PathClassLoader[DexPathList[[zip file "/data/app/com.iflytek.inputmethod-1/base.apk"],nativeLibraryDirectories=[/data/app/com.iflytek.inputmethod-1/lib/arm, /data/app/com.iflytek.inputmethod-1/base.apk!/lib/armeabi, /system/lib, /vendor/lib]]]: android_init_namespaces failed: error initializing public namespace: a library with soname "libInlineHook.so" was not found in the default namespace
09-20 09:21:58.539 E/Xposed  ( 3068): 	at com.android.internal.os.PathClassLoaderFactory.createClassLoader(PathClassLoaderFactory.java:54)
09-20 09:21:58.539 E/Xposed  ( 3068): 	at android.app.ApplicationLoaders.getClassLoader(ApplicationLoaders.java:58)
09-20 09:21:58.539 E/Xposed  ( 3068): 	at android.app.LoadedApk.createOrUpdateClassLoaderLocked(LoadedApk.java:520)
09-20 09:21:58.539 E/Xposed  ( 3068): 	at android.app.LoadedApk.getClassLoader(LoadedApk.java:553)
09-20 09:21:58.539 E/Xposed  ( 3068): 	at de.robv.android.xposed.XposedInit$2.beforeHookedMethod(XposedInit.java:131)
09-20 09:21:58.539 E/Xposed  ( 3068): 	at de.robv.android.xposed.XposedBridge.handleHookedMethod(XposedBridge.java:340)
09-20 09:21:58.539 E/Xposed  ( 3068): 	at android.app.ActivityThread.handleBindApplication(<Xposed>)
09-20 09:21:58.539 E/Xposed  ( 3068): 	at android.app.ActivityThread.-wrap2(ActivityThread.java)
09-20 09:21:58.539 E/Xposed  ( 3068): 	at android.app.ActivityThread$H.handleMessage(ActivityThread.java:1546)
09-20 09:21:58.539 E/Xposed  ( 3068): 	at android.os.Handler.dispatchMessage(Handler.java:102)
09-20 09:21:58.539 E/Xposed  ( 3068): 	at android.os.Looper.loop(Looper.java:154)
09-20 09:21:58.539 E/Xposed  ( 3068): 	at android.app.ActivityThread.main(ActivityThread.java:6121)
09-20 09:21:58.539 E/Xposed  ( 3068): 	at java.lang.reflect.Method.invoke(Native Method)
09-20 09:21:58.539 E/Xposed  ( 3068): 	at com.android.internal.os.ZygoteInit$MethodAndArgsCaller.run(ZygoteInit.java:889)
09-20 09:21:58.539 E/Xposed  ( 3068): 	at com.android.internal.os.ZygoteInit.main(ZygoteInit.java:779)
09-20 09:21:58.539 E/Xposed  ( 3068): 	at de.robv.android.xposed.XposedBridge.main(XposedBridge.java:107)
09-20 09:22:06.064 E/Xposed  ( 3220): java.lang.UnsatisfiedLinkError: Unable to create namespace for the classloader dalvik.system.PathClassLoader[DexPathList[[zip file "/system/framework/android.test.runner.jar", zip file "/data/app/com.jingdong.app.mall-1/base.apk"],nativeLibraryDirectories=[/data/app/com.jingdong.app.mall-1/lib/arm, /data/app/com.jingdong.app.mall-1/base.apk!/lib/armeabi, /system/lib, /vendor/lib]]]: android_init_namespaces failed: error initializing public namespace: a library with soname "libInlineHook.so" was not found in the default namespace
09-20 09:22:06.064 E/Xposed  ( 3220): 	at com.android.internal.os.PathClassLoaderFactory.createClassLoader(PathClassLoaderFactory.java:54)
09-20 09:22:06.064 E/Xposed  ( 3220): 	at android.app.ApplicationLoaders.getClassLoader(ApplicationLoaders.java:58)
09-20 09:22:06.064 E/Xposed  ( 3220): 	at android.app.LoadedApk.createOrUpdateClassLoaderLocked(LoadedApk.java:520)
09-20 09:22:06.064 E/Xposed  ( 3220): 	at android.app.LoadedApk.getClassLoader(LoadedApk.java:553)
09-20 09:22:06.064 E/Xposed  ( 3220): 	at de.robv.android.xposed.XposedInit$2.beforeHookedMethod(XposedInit.java:131)
09-20 09:22:06.064 E/Xposed  ( 3220): 	at de.robv.android.xposed.XposedBridge.handleHookedMethod(XposedBridge.java:340)
09-20 09:22:06.064 E/Xposed  ( 3220): 	at android.app.ActivityThread.handleBindApplication(<Xposed>)
09-20 09:22:06.064 E/Xposed  ( 3220): 	at android.app.ActivityThread.-wrap2(ActivityThread.java)
09-20 09:22:06.064 E/Xposed  ( 3220): 	at android.app.ActivityThread$H.handleMessage(ActivityThread.java:1546)
09-20 09:22:06.064 E/Xposed  ( 3220): 	at android.os.Handler.dispatchMessage(Handler.java:102)
09-20 09:22:06.064 E/Xposed  ( 3220): 	at android.os.Looper.loop(Looper.java:154)
09-20 09:22:06.064 E/Xposed  ( 3220): 	at android.app.ActivityThread.main(ActivityThread.java:6121)
09-20 09:22:06.064 E/Xposed  ( 3220): 	at java.lang.reflect.Method.invoke(Native Method)
09-20 09:22:06.064 E/Xposed  ( 3220): 	at com.android.internal.os.ZygoteInit$MethodAndArgsCaller.run(ZygoteInit.java:889)
09-20 09:22:06.064 E/Xposed  ( 3220): 	at com.android.internal.os.ZygoteInit.main(ZygoteInit.java:779)
09-20 09:22:06.064 E/Xposed  ( 3220): 	at de.robv.android.xposed.XposedBridge.main(XposedBridge.java:107)
09-20 09:27:17.498 E/Xposed  ( 3555): java.lang.UnsatisfiedLinkError: Unable to create namespace for the classloader dalvik.system.PathClassLoader[DexPathList[[zip file "/data/app/com.tencent.mobileqq-1/base.apk"],nativeLibraryDirectories=[/data/app/com.tencent.mobileqq-1/lib/arm, /system/fake-libs, /data/app/com.tencent.mobileqq-1/base.apk!/lib/armeabi, /system/lib, /vendor/lib]]]: android_init_namespaces failed: error initializing public namespace: a library with soname "libInlineHook.so" was not found in the default namespace
09-20 09:27:17.498 E/Xposed  ( 3555): 	at com.android.internal.os.PathClassLoaderFactory.createClassLoader(PathClassLoaderFactory.java:54)
09-20 09:27:17.498 E/Xposed  ( 3555): 	at android.app.ApplicationLoaders.getClassLoader(ApplicationLoaders.java:58)
09-20 09:27:17.498 E/Xposed  ( 3555): 	at android.app.LoadedApk.createOrUpdateClassLoaderLocked(LoadedApk.java:520)
09-20 09:27:17.498 E/Xposed  ( 3555): 	at android.app.LoadedApk.getClassLoader(LoadedApk.java:553)
09-20 09:27:17.498 E/Xposed  ( 3555): 	at de.robv.android.xposed.XposedInit$2.beforeHookedMethod(XposedInit.java:131)
09-20 09:27:17.498 E/Xposed  ( 3555): 	at de.robv.android.xposed.XposedBridge.handleHookedMethod(XposedBridge.java:340)
09-20 09:27:17.498 E/Xposed  ( 3555): 	at android.app.ActivityThread.handleBindApplication(<Xposed>)
09-20 09:27:17.498 E/Xposed  ( 3555): 	at android.app.ActivityThread.-wrap2(ActivityThread.java)
09-20 09:27:17.498 E/Xposed  ( 3555): 	at android.app.ActivityThread$H.handleMessage(ActivityThread.java:1546)
09-20 09:27:17.498 E/Xposed  ( 3555): 	at android.os.Handler.dispatchMessage(Handler.java:102)
09-20 09:27:17.498 E/Xposed  ( 3555): 	at android.os.Looper.loop(Looper.java:154)
09-20 09:27:17.498 E/Xposed  ( 3555): 	at android.app.ActivityThread.main(ActivityThread.java:6121)
09-20 09:27:17.498 E/Xposed  ( 3555): 	at java.lang.reflect.Method.invoke(Native Method)
09-20 09:27:17.498 E/Xposed  ( 3555): 	at com.android.internal.os.ZygoteInit$MethodAndArgsCaller.run(ZygoteInit.java:889)
09-20 09:27:17.498 E/Xposed  ( 3555): 	at com.android.internal.os.ZygoteInit.main(ZygoteInit.java:779)
09-20 09:27:17.498 E/Xposed  ( 3555): 	at de.robv.android.xposed.XposedBridge.main(XposedBridge.java:107)
09-20 09:27:20.090 E/Xposed  ( 3572): java.lang.UnsatisfiedLinkError: Unable to create namespace for the classloader dalvik.system.PathClassLoader[DexPathList[[zip file "/data/app/com.tencent.mm-1/base.apk"],nativeLibraryDirectories=[/data/app/com.tencent.mm-1/lib/arm, /system/fake-libs, /data/app/com.tencent.mm-1/base.apk!/lib/armeabi, /system/lib, /vendor/lib]]]: android_init_namespaces failed: error initializing public namespace: a library with soname "libInlineHook.so" was not found in the default namespace
09-20 09:27:20.090 E/Xposed  ( 3572): 	at com.android.internal.os.PathClassLoaderFactory.createClassLoader(PathClassLoaderFactory.java:54)
09-20 09:27:20.090 E/Xposed  ( 3572): 	at android.app.ApplicationLoaders.getClassLoader(ApplicationLoaders.java:58)
09-20 09:27:20.090 E/Xposed  ( 3572): 	at android.app.LoadedApk.createOrUpdateClassLoaderLocked(LoadedApk.java:520)
09-20 09:27:20.090 E/Xposed  ( 3572): 	at android.app.LoadedApk.getClassLoader(LoadedApk.java:553)
09-20 09:27:20.090 E/Xposed  ( 3572): 	at de.robv.android.xposed.XposedInit$2.beforeHookedMethod(XposedInit.java:131)
09-20 09:27:20.090 E/Xposed  ( 3572): 	at de.robv.android.xposed.XposedBridge.handleHookedMethod(XposedBridge.java:340)
09-20 09:27:20.090 E/Xposed  ( 3572): 	at android.app.ActivityThread.handleBindApplication(<Xposed>)
09-20 09:27:20.090 E/Xposed  ( 3572): 	at android.app.ActivityThread.-wrap2(ActivityThread.java)
09-20 09:27:20.090 E/Xposed  ( 3572): 	at android.app.ActivityThread$H.handleMessage(ActivityThread.java:1546)
09-20 09:27:20.090 E/Xposed  ( 3572): 	at android.os.Handler.dispatchMessage(Handler.java:102)
09-20 09:27:20.090 E/Xposed  ( 3572): 	at android.os.Looper.loop(Looper.java:154)
09-20 09:27:20.090 E/Xposed  ( 3572): 	at android.app.ActivityThread.main(ActivityThread.java:6121)
09-20 09:27:20.090 E/Xposed  ( 3572): 	at java.lang.reflect.Method.invoke(Native Method)
09-20 09:27:20.090 E/Xposed  ( 3572): 	at com.android.internal.os.ZygoteInit$MethodAndArgsCaller.run(ZygoteInit.java:889)
09-20 09:27:20.090 E/Xposed  ( 3572): 	at com.android.internal.os.ZygoteInit.main(ZygoteInit.java:779)
09-20 09:27:20.090 E/Xposed  ( 3572): 	at de.robv.android.xposed.XposedBridge.main(XposedBridge.java:107)
09-20 09:27:26.955 E/Xposed  ( 3593): java.lang.UnsatisfiedLinkError: Unable to create namespace for the classloader dalvik.system.PathClassLoader[DexPathList[[zip file "/data/app/com.thestore.main-1/base.apk"],nativeLibraryDirectories=[/data/app/com.thestore.main-1/lib/arm, /system/fake-libs, /data/app/com.thestore.main-1/base.apk!/lib/armeabi, /system/lib, /vendor/lib]]]: android_init_namespaces failed: error initializing public namespace: a library with soname "libInlineHook.so" was not found in the default namespace
09-20 09:27:26.955 E/Xposed  ( 3593): 	at com.android.internal.os.PathClassLoaderFactory.createClassLoader(PathClassLoaderFactory.java:54)
09-20 09:27:26.955 E/Xposed  ( 3593): 	at android.app.ApplicationLoaders.getClassLoader(ApplicationLoaders.java:58)
09-20 09:27:26.955 E/Xposed  ( 3593): 	at android.app.LoadedApk.createOrUpdateClassLoaderLocked(LoadedApk.java:520)
09-20 09:27:26.955 E/Xposed  ( 3593): 	at android.app.LoadedApk.getClassLoader(LoadedApk.java:553)
09-20 09:27:26.955 E/Xposed  ( 3593): 	at de.robv.android.xposed.XposedInit$2.beforeHookedMethod(XposedInit.java:131)
09-20 09:27:26.955 E/Xposed  ( 3593): 	at de.robv.android.xposed.XposedBridge.handleHookedMethod(XposedBridge.java:340)
09-20 09:27:26.955 E/Xposed  ( 3593): 	at android.app.ActivityThread.handleBindApplication(<Xposed>)
09-20 09:27:26.955 E/Xposed  ( 3593): 	at android.app.ActivityThread.-wrap2(ActivityThread.java)
09-20 09:27:26.955 E/Xposed  ( 3593): 	at android.app.ActivityThread$H.handleMessage(ActivityThread.java:1546)
09-20 09:27:26.955 E/Xposed  ( 3593): 	at android.os.Handler.dispatchMessage(Handler.java:102)
09-20 09:27:26.955 E/Xposed  ( 3593): 	at android.os.Looper.loop(Looper.java:154)
09-20 09:27:26.955 E/Xposed  ( 3593): 	at android.app.ActivityThread.main(ActivityThread.java:6121)
09-20 09:27:26.955 E/Xposed  ( 3593): 	at java.lang.reflect.Method.invoke(Native Method)
09-20 09:27:26.955 E/Xposed  ( 3593): 	at com.android.internal.os.ZygoteInit$MethodAndArgsCaller.run(ZygoteInit.java:889)
09-20 09:27:26.955 E/Xposed  ( 3593): 	at com.android.internal.os.ZygoteInit.main(ZygoteInit.java:779)
09-20 09:27:26.955 E/Xposed  ( 3593): 	at de.robv.android.xposed.XposedBridge.main(XposedBridge.java:107)
09-20 09:27:28.462 E/Xposed  ( 3609): java.lang.UnsatisfiedLinkError: Unable to create namespace for the classloader dalvik.system.PathClassLoader[DexPathList[[zip file "/data/app/com.thestore.main-1/base.apk"],nativeLibraryDirectories=[/data/app/com.thestore.main-1/lib/arm, /system/fake-libs, /data/app/com.thestore.main-1/base.apk!/lib/armeabi, /system/lib, /vendor/lib]]]: android_init_namespaces failed: error initializing public namespace: a library with soname "libInlineHook.so" was not found in the default namespace
09-20 09:27:28.462 E/Xposed  ( 3609): 	at com.android.internal.os.PathClassLoaderFactory.createClassLoader(PathClassLoaderFactory.java:54)
09-20 09:27:28.462 E/Xposed  ( 3609): 	at android.app.ApplicationLoaders.getClassLoader(ApplicationLoaders.java:58)
09-20 09:27:28.462 E/Xposed  ( 3609): 	at android.app.LoadedApk.createOrUpdateClassLoaderLocked(LoadedApk.java:520)
09-20 09:27:28.462 E/Xposed  ( 3609): 	at android.app.LoadedApk.getClassLoader(LoadedApk.java:553)
09-20 09:27:28.462 E/Xposed  ( 3609): 	at de.robv.android.xposed.XposedInit$2.beforeHookedMethod(XposedInit.java:131)
09-20 09:27:28.462 E/Xposed  ( 3609): 	at de.robv.android.xposed.XposedBridge.handleHookedMethod(XposedBridge.java:340)
09-20 09:27:28.462 E/Xposed  ( 3609): 	at android.app.ActivityThread.handleBindApplication(<Xposed>)
09-20 09:27:28.462 E/Xposed  ( 3609): 	at android.app.ActivityThread.-wrap2(ActivityThread.java)
09-20 09:27:28.462 E/Xposed  ( 3609): 	at android.app.ActivityThread$H.handleMessage(ActivityThread.java:1546)
09-20 09:27:28.462 E/Xposed  ( 3609): 	at android.os.Handler.dispatchMessage(Handler.java:102)
09-20 09:27:28.462 E/Xposed  ( 3609): 	at android.os.Looper.loop(Looper.java:154)
09-20 09:27:28.462 E/Xposed  ( 3609): 	at android.app.ActivityThread.main(ActivityThread.java:6121)
09-20 09:27:28.462 E/Xposed  ( 3609): 	at java.lang.reflect.Method.invoke(Native Method)
09-20 09:27:28.462 E/Xposed  ( 3609): 	at com.android.internal.os.ZygoteInit$MethodAndArgsCaller.run(ZygoteInit.java:889)
09-20 09:27:28.462 E/Xposed  ( 3609): 	at com.android.internal.os.ZygoteInit.main(ZygoteInit.java:779)
09-20 09:27:28.462 E/Xposed  ( 3609): 	at de.robv.android.xposed.XposedBridge.main(XposedBridge.java:107)
09-20 09:30:36.985 E/Xposed  ( 3704): java.lang.UnsatisfiedLinkError: Unable to create namespace for the classloader dalvik.system.PathClassLoader[DexPathList[[zip file "/data/app/com.thestore.main-1/base.apk"],nativeLibraryDirectories=[/data/app/com.thestore.main-1/lib/arm, /system/fake-libs, /data/app/com.thestore.main-1/base.apk!/lib/armeabi, /system/lib, /vendor/lib]]]: android_init_namespaces failed: error initializing public namespace: a library with soname "libInlineHook.so" was not found in the default namespace
09-20 09:30:36.985 E/Xposed  ( 3704): 	at com.android.internal.os.PathClassLoaderFactory.createClassLoader(PathClassLoaderFactory.java:54)
09-20 09:30:36.985 E/Xposed  ( 3704): 	at android.app.ApplicationLoaders.getClassLoader(ApplicationLoaders.java:58)
09-20 09:30:36.985 E/Xposed  ( 3704): 	at android.app.LoadedApk.createOrUpdateClassLoaderLocked(LoadedApk.java:520)
09-20 09:30:36.985 E/Xposed  ( 3704): 	at android.app.LoadedApk.getClassLoader(LoadedApk.java:553)
09-20 09:30:36.985 E/Xposed  ( 3704): 	at de.robv.android.xposed.XposedInit$2.beforeHookedMethod(XposedInit.java:131)
09-20 09:30:36.985 E/Xposed  ( 3704): 	at de.robv.android.xposed.XposedBridge.handleHookedMethod(XposedBridge.java:340)
09-20 09:30:36.985 E/Xposed  ( 3704): 	at android.app.ActivityThread.handleBindApplication(<Xposed>)
09-20 09:30:36.985 E/Xposed  ( 3704): 	at android.app.ActivityThread.-wrap2(ActivityThread.java)
09-20 09:30:36.985 E/Xposed  ( 3704): 	at android.app.ActivityThread$H.handleMessage(ActivityThread.java:1546)
09-20 09:30:36.985 E/Xposed  ( 3704): 	at android.os.Handler.dispatchMessage(Handler.java:102)
09-20 09:30:36.985 E/Xposed  ( 3704): 	at android.os.Looper.loop(Looper.java:154)
09-20 09:30:36.985 E/Xposed  ( 3704): 	at android.app.ActivityThread.main(ActivityThread.java:6121)
09-20 09:30:36.985 E/Xposed  ( 3704): 	at java.lang.reflect.Method.invoke(Native Method)
09-20 09:30:36.985 E/Xposed  ( 3704): 	at com.android.internal.os.ZygoteInit$MethodAndArgsCaller.run(ZygoteInit.java:889)
09-20 09:30:36.985 E/Xposed  ( 3704): 	at com.android.internal.os.ZygoteInit.main(ZygoteInit.java:779)
09-20 09:30:36.985 E/Xposed  ( 3704): 	at de.robv.android.xposed.XposedBridge.main(XposedBridge.java:107)
